{"/Users/sakshi/Documents/code/AS_React/src/components/ContactUs.tsx": {"path":"/Users/sakshi/Documents/code/AS_React/src/components/ContactUs.tsx","statementMap":{"0":{"start":{"line":4,"column":2},"end":{"line":15,"column":4}}},"fnMap":{"0":{"name":"ContactUs","decl":{"start":{"line":3,"column":24},"end":{"line":3,"column":33}},"loc":{"start":{"line":3,"column":36},"end":{"line":16,"column":1}},"line":3}},"branchMap":{},"s":{"0":3},"f":{"0":3},"b":{},"_coverageSchema":"1a1c01bbd47fc00a2c39e90264f33305004495a9","hash":"cc73c1b337d16e2ff76518b4621e8ab80cec4943"}
,"/Users/sakshi/Documents/code/AS_React/src/components/Header.jsx": {"path":"/Users/sakshi/Documents/code/AS_React/src/components/Header.jsx","statementMap":{"0":{"start":{"line":8,"column":22},"end":{"line":48,"column":1}},"1":{"start":{"line":9,"column":17},"end":{"line":9,"column":34}},"2":{"start":{"line":10,"column":15},"end":{"line":10,"column":38}},"3":{"start":{"line":11,"column":40},"end":{"line":11,"column":57}},"4":{"start":{"line":14,"column":20},"end":{"line":14,"column":60}},"5":{"start":{"line":14,"column":43},"end":{"line":14,"column":59}},"6":{"start":{"line":16,"column":2},"end":{"line":47,"column":4}},"7":{"start":{"line":41,"column":33},"end":{"line":41,"column":57}}},"fnMap":{"0":{"name":"(anonymous_0)","decl":{"start":{"line":8,"column":22},"end":{"line":8,"column":23}},"loc":{"start":{"line":8,"column":28},"end":{"line":48,"column":1}},"line":8},"1":{"name":"(anonymous_1)","decl":{"start":{"line":14,"column":32},"end":{"line":14,"column":33}},"loc":{"start":{"line":14,"column":43},"end":{"line":14,"column":59}},"line":14},"2":{"name":"(anonymous_2)","decl":{"start":{"line":41,"column":28},"end":{"line":41,"column":29}},"loc":{"start":{"line":41,"column":33},"end":{"line":41,"column":57}},"line":41}},"branchMap":{"0":{"loc":{"start":{"line":21,"column":47},"end":{"line":21,"column":65}},"type":"cond-expr","locations":[{"start":{"line":21,"column":56},"end":{"line":21,"column":59}},{"start":{"line":21,"column":62},"end":{"line":21,"column":65}}],"line":21}},"s":{"0":1,"1":4,"2":4,"3":4,"4":4,"5":7,"6":4,"7":1},"f":{"0":4,"1":7,"2":1},"b":{"0":[4,0]},"_coverageSchema":"1a1c01bbd47fc00a2c39e90264f33305004495a9","hash":"b764c79b7db51b0dd87f539d8d072b6adbbd44b0"}
,"/Users/sakshi/Documents/code/AS_React/src/components/RestCard.tsx": {"path":"/Users/sakshi/Documents/code/AS_React/src/components/RestCard.tsx","statementMap":{"0":{"start":{"line":4,"column":25},"end":{"line":22,"column":1}},"1":{"start":{"line":6,"column":65},"end":{"line":6,"column":78}},"2":{"start":{"line":8,"column":2},"end":{"line":21,"column":4}},"3":{"start":{"line":24,"column":33},"end":{"line":33,"column":1}},"4":{"start":{"line":25,"column":2},"end":{"line":32,"column":4}},"5":{"start":{"line":26,"column":4},"end":{"line":31,"column":6}}},"fnMap":{"0":{"name":"(anonymous_0)","decl":{"start":{"line":4,"column":25},"end":{"line":4,"column":26}},"loc":{"start":{"line":4,"column":40},"end":{"line":22,"column":1}},"line":4},"1":{"name":"(anonymous_1)","decl":{"start":{"line":24,"column":33},"end":{"line":24,"column":34}},"loc":{"start":{"line":24,"column":47},"end":{"line":33,"column":1}},"line":24},"2":{"name":"(anonymous_2)","decl":{"start":{"line":25,"column":9},"end":{"line":25,"column":10}},"loc":{"start":{"line":25,"column":18},"end":{"line":32,"column":3}},"line":25}},"branchMap":{},"s":{"0":1,"1":2,"2":2,"3":1,"4":1,"5":1},"f":{"0":2,"1":1,"2":1},"b":{},"_coverageSchema":"1a1c01bbd47fc00a2c39e90264f33305004495a9","hash":"66a5dee0aaa7e8404a25f714d1325d133beb6aef"}
,"/Users/sakshi/Documents/code/AS_React/src/components/sum.js": {"path":"/Users/sakshi/Documents/code/AS_React/src/components/sum.js","statementMap":{"0":{"start":{"line":2,"column":20},"end":{"line":4,"column":1}},"1":{"start":{"line":3,"column":2},"end":{"line":3,"column":14}}},"fnMap":{"0":{"name":"(anonymous_0)","decl":{"start":{"line":2,"column":20},"end":{"line":2,"column":21}},"loc":{"start":{"line":2,"column":29},"end":{"line":4,"column":1}},"line":2}},"branchMap":{},"s":{"0":1,"1":1},"f":{"0":1},"b":{},"_coverageSchema":"1a1c01bbd47fc00a2c39e90264f33305004495a9","hash":"a4b6362c4cfb951e6cac5c891c13c22e901b05b0"}
,"/Users/sakshi/Documents/code/AS_React/src/components/mocks/fileMock.js": {"path":"/Users/sakshi/Documents/code/AS_React/src/components/mocks/fileMock.js","statementMap":{},"fnMap":{},"branchMap":{},"s":{},"f":{},"b":{},"_coverageSchema":"1a1c01bbd47fc00a2c39e90264f33305004495a9","hash":"4cc3061e3ba992e438f11730fc322a84a19114c3"}
,"/Users/sakshi/Documents/code/AS_React/src/components/mocks/resCardMock.js": {"path":"/Users/sakshi/Documents/code/AS_React/src/components/mocks/resCardMock.js","statementMap":{},"fnMap":{},"branchMap":{},"s":{},"f":{},"b":{},"_coverageSchema":"1a1c01bbd47fc00a2c39e90264f33305004495a9","hash":"efdbddd7d671817c5df699d451c63fecbbe47f93"}
,"/Users/sakshi/Documents/code/AS_React/src/utils/UserContext.js": {"path":"/Users/sakshi/Documents/code/AS_React/src/utils/UserContext.js","statementMap":{"0":{"start":{"line":3,"column":20},"end":{"line":5,"column":2}}},"fnMap":{},"branchMap":{},"s":{"0":1},"f":{},"b":{},"_coverageSchema":"1a1c01bbd47fc00a2c39e90264f33305004495a9","hash":"fe937f4c2a7870c8fda63319fdbe352e32b1e5c2"}
,"/Users/sakshi/Documents/code/AS_React/src/utils/appStore.js": {"path":"/Users/sakshi/Documents/code/AS_React/src/utils/appStore.js","statementMap":{"0":{"start":{"line":5,"column":17},"end":{"line":9,"column":2}}},"fnMap":{},"branchMap":{},"s":{"0":1},"f":{},"b":{},"_coverageSchema":"1a1c01bbd47fc00a2c39e90264f33305004495a9","hash":"fe19beadab04c0e44941902035c1b3a856654817"}
,"/Users/sakshi/Documents/code/AS_React/src/utils/cartSlice.js": {"path":"/Users/sakshi/Documents/code/AS_React/src/utils/cartSlice.js","statementMap":{"0":{"start":{"line":3,"column":18},"end":{"line":31,"column":2}},"1":{"start":{"line":12,"column":12},"end":{"line":12,"column":45}},"2":{"start":{"line":15,"column":12},"end":{"line":15,"column":30}},"3":{"start":{"line":23,"column":13},"end":{"line":23,"column":41}},"4":{"start":{"line":25,"column":12},"end":{"line":25,"column":34}},"5":{"start":{"line":33,"column":48},"end":{"line":33,"column":65}}},"fnMap":{"0":{"name":"(anonymous_0)","decl":{"start":{"line":9,"column":17},"end":{"line":9,"column":18}},"loc":{"start":{"line":9,"column":36},"end":{"line":13,"column":9}},"line":9},"1":{"name":"(anonymous_1)","decl":{"start":{"line":14,"column":20},"end":{"line":14,"column":21}},"loc":{"start":{"line":14,"column":31},"end":{"line":16,"column":9}},"line":14},"2":{"name":"(anonymous_2)","decl":{"start":{"line":18,"column":19},"end":{"line":18,"column":20}},"loc":{"start":{"line":18,"column":30},"end":{"line":29,"column":9}},"line":18}},"branchMap":{},"s":{"0":1,"1":0,"2":0,"3":0,"4":0,"5":1},"f":{"0":0,"1":0,"2":0},"b":{},"_coverageSchema":"1a1c01bbd47fc00a2c39e90264f33305004495a9","hash":"f01aa321db6ce26354c9f7cbe5f8d1fd0a69f3dd"}
,"/Users/sakshi/Documents/code/AS_React/src/utils/constants.js": {"path":"/Users/sakshi/Documents/code/AS_React/src/utils/constants.js","statementMap":{"0":{"start":{"line":1,"column":21},"end":{"line":1,"column":104}},"1":{"start":{"line":2,"column":22},"end":{"line":2,"column":185}},"2":{"start":{"line":3,"column":22},"end":{"line":3,"column":160}}},"fnMap":{},"branchMap":{},"s":{"0":1,"1":1,"2":1},"f":{},"b":{},"_coverageSchema":"1a1c01bbd47fc00a2c39e90264f33305004495a9","hash":"1be4d668336180663b0eb98d59b3d4b917e02f46"}
,"/Users/sakshi/Documents/code/AS_React/src/utils/useOnlineStatus.tsx": {"path":"/Users/sakshi/Documents/code/AS_React/src/utils/useOnlineStatus.tsx","statementMap":{"0":{"start":{"line":3,"column":24},"end":{"line":18,"column":1}},"1":{"start":{"line":5,"column":44},"end":{"line":5,"column":58}},"2":{"start":{"line":6,"column":4},"end":{"line":15,"column":9}},"3":{"start":{"line":7,"column":8},"end":{"line":9,"column":10}},"4":{"start":{"line":8,"column":12},"end":{"line":8,"column":35}},"5":{"start":{"line":11,"column":8},"end":{"line":13,"column":10}},"6":{"start":{"line":12,"column":12},"end":{"line":12,"column":34}},"7":{"start":{"line":17,"column":2},"end":{"line":17,"column":22}}},"fnMap":{"0":{"name":"(anonymous_0)","decl":{"start":{"line":3,"column":24},"end":{"line":3,"column":25}},"loc":{"start":{"line":3,"column":30},"end":{"line":18,"column":1}},"line":3},"1":{"name":"(anonymous_1)","decl":{"start":{"line":6,"column":14},"end":{"line":6,"column":15}},"loc":{"start":{"line":6,"column":18},"end":{"line":15,"column":5}},"line":6},"2":{"name":"(anonymous_2)","decl":{"start":{"line":7,"column":42},"end":{"line":7,"column":43}},"loc":{"start":{"line":7,"column":46},"end":{"line":9,"column":9}},"line":7},"3":{"name":"(anonymous_3)","decl":{"start":{"line":11,"column":41},"end":{"line":11,"column":42}},"loc":{"start":{"line":11,"column":45},"end":{"line":13,"column":9}},"line":11}},"branchMap":{},"s":{"0":1,"1":4,"2":4,"3":3,"4":0,"5":3,"6":0,"7":4},"f":{"0":4,"1":3,"2":0,"3":0},"b":{},"_coverageSchema":"1a1c01bbd47fc00a2c39e90264f33305004495a9","hash":"ce78aaf78997c14255b85ee261c495ac67b9c774"}
}
