{"/Users/sakshi/Documents/code/AS_React/src/components/Body.jsx": {"path":"/Users/sakshi/Documents/code/AS_React/src/components/Body.jsx","statementMap":{"0":{"start":{"line":13,"column":20},"end":{"line":109,"column":1}},"1":{"start":{"line":15,"column":38},"end":{"line":15,"column":50}},"2":{"start":{"line":16,"column":34},"end":{"line":16,"column":46}},"3":{"start":{"line":17,"column":54},"end":{"line":17,"column":66}},"4":{"start":{"line":19,"column":27},"end":{"line":19,"column":54}},"5":{"start":{"line":20,"column":38},"end":{"line":20,"column":61}},"6":{"start":{"line":22,"column":2},"end":{"line":24,"column":9}},"7":{"start":{"line":23,"column":4},"end":{"line":23,"column":16}},"8":{"start":{"line":26,"column":20},"end":{"line":38,"column":3}},"9":{"start":{"line":27,"column":17},"end":{"line":29,"column":5}},"10":{"start":{"line":30,"column":17},"end":{"line":30,"column":34}},"11":{"start":{"line":33,"column":6},"end":{"line":34,"column":21}},"12":{"start":{"line":36,"column":4},"end":{"line":36,"column":27}},"13":{"start":{"line":37,"column":4},"end":{"line":37,"column":35}},"14":{"start":{"line":40,"column":23},"end":{"line":40,"column":40}},"15":{"start":{"line":41,"column":2},"end":{"line":44,"column":6}},"16":{"start":{"line":42,"column":4},"end":{"line":44,"column":6}},"17":{"start":{"line":47,"column":2},"end":{"line":108,"column":4}},"18":{"start":{"line":58,"column":14},"end":{"line":58,"column":42}},"19":{"start":{"line":64,"column":35},"end":{"line":66,"column":15}},"20":{"start":{"line":65,"column":16},"end":{"line":65,"column":76}},"21":{"start":{"line":67,"column":14},"end":{"line":67,"column":50}},"22":{"start":{"line":78,"column":14},"end":{"line":78,"column":42}},"23":{"start":{"line":98,"column":10},"end":{"line":104,"column":17}}},"fnMap":{"0":{"name":"(anonymous_0)","decl":{"start":{"line":13,"column":20},"end":{"line":13,"column":21}},"loc":{"start":{"line":13,"column":26},"end":{"line":109,"column":1}},"line":13},"1":{"name":"(anonymous_1)","decl":{"start":{"line":22,"column":12},"end":{"line":22,"column":13}},"loc":{"start":{"line":22,"column":18},"end":{"line":24,"column":3}},"line":22},"2":{"name":"(anonymous_2)","decl":{"start":{"line":26,"column":20},"end":{"line":26,"column":21}},"loc":{"start":{"line":26,"column":32},"end":{"line":38,"column":3}},"line":26},"3":{"name":"(anonymous_3)","decl":{"start":{"line":57,"column":22},"end":{"line":57,"column":23}},"loc":{"start":{"line":57,"column":29},"end":{"line":59,"column":13}},"line":57},"4":{"name":"(anonymous_4)","decl":{"start":{"line":63,"column":21},"end":{"line":63,"column":22}},"loc":{"start":{"line":63,"column":27},"end":{"line":68,"column":13}},"line":63},"5":{"name":"(anonymous_5)","decl":{"start":{"line":64,"column":53},"end":{"line":64,"column":54}},"loc":{"start":{"line":65,"column":16},"end":{"line":65,"column":76}},"line":65},"6":{"name":"(anonymous_6)","decl":{"start":{"line":77,"column":22},"end":{"line":77,"column":23}},"loc":{"start":{"line":77,"column":29},"end":{"line":80,"column":13}},"line":77},"7":{"name":"(anonymous_7)","decl":{"start":{"line":97,"column":32},"end":{"line":97,"column":33}},"loc":{"start":{"line":98,"column":10},"end":{"line":104,"column":17}},"line":98}},"branchMap":{"0":{"loc":{"start":{"line":41,"column":2},"end":{"line":44,"column":6}},"type":"if","locations":[{"start":{"line":41,"column":2},"end":{"line":44,"column":6}},{"start":{},"end":{}}],"line":41},"1":{"loc":{"start":{"line":47,"column":9},"end":{"line":108,"column":3}},"type":"cond-expr","locations":[{"start":{"line":48,"column":4},"end":{"line":48,"column":15}},{"start":{"line":50,"column":4},"end":{"line":107,"column":10}}],"line":47},"2":{"loc":{"start":{"line":103,"column":13},"end":{"line":103,"column":122}},"type":"cond-expr","locations":[{"start":{"line":103,"column":45},"end":{"line":103,"column":86}},{"start":{"line":103,"column":89},"end":{"line":103,"column":122}}],"line":103}},"s":{"0":1,"1":4,"2":4,"3":4,"4":4,"5":4,"6":4,"7":1,"8":4,"9":1,"10":1,"11":1,"12":1,"13":1,"14":4,"15":4,"16":0,"17":4,"18":1,"19":1,"20":20,"21":1,"22":0,"23":42},"f":{"0":4,"1":1,"2":1,"3":1,"4":1,"5":20,"6":0,"7":42},"b":{"0":[0,4],"1":[1,3],"2":[13,29]},"_coverageSchema":"1a1c01bbd47fc00a2c39e90264f33305004495a9","hash":"edadc04adb870e0ae79f1575123b44531cc5dc82"}
,"/Users/sakshi/Documents/code/AS_React/src/components/Cart.jsx": {"path":"/Users/sakshi/Documents/code/AS_React/src/components/Cart.jsx","statementMap":{"0":{"start":{"line":9,"column":22},"end":{"line":9,"column":62}},"1":{"start":{"line":9,"column":45},"end":{"line":9,"column":61}},"2":{"start":{"line":10,"column":21},"end":{"line":10,"column":34}},"3":{"start":{"line":11,"column":28},"end":{"line":13,"column":5}},"4":{"start":{"line":12,"column":6},"end":{"line":12,"column":27}},"5":{"start":{"line":15,"column":2},"end":{"line":24,"column":3}}},"fnMap":{"0":{"name":"Cart","decl":{"start":{"line":8,"column":24},"end":{"line":8,"column":28}},"loc":{"start":{"line":8,"column":31},"end":{"line":25,"column":1}},"line":8},"1":{"name":"(anonymous_1)","decl":{"start":{"line":9,"column":34},"end":{"line":9,"column":35}},"loc":{"start":{"line":9,"column":45},"end":{"line":9,"column":61}},"line":9},"2":{"name":"(anonymous_2)","decl":{"start":{"line":11,"column":28},"end":{"line":11,"column":29}},"loc":{"start":{"line":11,"column":34},"end":{"line":13,"column":5}},"line":11}},"branchMap":{"0":{"loc":{"start":{"line":20,"column":9},"end":{"line":20,"column":68}},"type":"binary-expr","locations":[{"start":{"line":20,"column":9},"end":{"line":20,"column":31}},{"start":{"line":20,"column":35},"end":{"line":20,"column":68}}],"line":20}},"s":{"0":4,"1":8,"2":4,"3":4,"4":1,"5":4},"f":{"0":4,"1":8,"2":1},"b":{"0":[4,2]},"_coverageSchema":"1a1c01bbd47fc00a2c39e90264f33305004495a9","hash":"d14ab1c65f9d637459fcbe860c4c5c721d3e8089"}
,"/Users/sakshi/Documents/code/AS_React/src/components/ContactUs.tsx": {"path":"/Users/sakshi/Documents/code/AS_React/src/components/ContactUs.tsx","statementMap":{"0":{"start":{"line":4,"column":2},"end":{"line":15,"column":4}}},"fnMap":{"0":{"name":"ContactUs","decl":{"start":{"line":3,"column":24},"end":{"line":3,"column":33}},"loc":{"start":{"line":3,"column":36},"end":{"line":16,"column":1}},"line":3}},"branchMap":{},"s":{"0":3},"f":{"0":3},"b":{},"_coverageSchema":"1a1c01bbd47fc00a2c39e90264f33305004495a9","hash":"cc73c1b337d16e2ff76518b4621e8ab80cec4943"}
,"/Users/sakshi/Documents/code/AS_React/src/components/Header.jsx": {"path":"/Users/sakshi/Documents/code/AS_React/src/components/Header.jsx","statementMap":{"0":{"start":{"line":8,"column":22},"end":{"line":48,"column":1}},"1":{"start":{"line":9,"column":17},"end":{"line":9,"column":34}},"2":{"start":{"line":10,"column":15},"end":{"line":10,"column":38}},"3":{"start":{"line":11,"column":40},"end":{"line":11,"column":57}},"4":{"start":{"line":14,"column":20},"end":{"line":14,"column":60}},"5":{"start":{"line":14,"column":43},"end":{"line":14,"column":59}},"6":{"start":{"line":16,"column":2},"end":{"line":47,"column":4}},"7":{"start":{"line":41,"column":33},"end":{"line":41,"column":57}}},"fnMap":{"0":{"name":"(anonymous_0)","decl":{"start":{"line":8,"column":22},"end":{"line":8,"column":23}},"loc":{"start":{"line":8,"column":28},"end":{"line":48,"column":1}},"line":8},"1":{"name":"(anonymous_1)","decl":{"start":{"line":14,"column":32},"end":{"line":14,"column":33}},"loc":{"start":{"line":14,"column":43},"end":{"line":14,"column":59}},"line":14},"2":{"name":"(anonymous_2)","decl":{"start":{"line":41,"column":28},"end":{"line":41,"column":29}},"loc":{"start":{"line":41,"column":33},"end":{"line":41,"column":57}},"line":41}},"branchMap":{"0":{"loc":{"start":{"line":21,"column":47},"end":{"line":21,"column":65}},"type":"cond-expr","locations":[{"start":{"line":21,"column":56},"end":{"line":21,"column":59}},{"start":{"line":21,"column":62},"end":{"line":21,"column":65}}],"line":21}},"s":{"0":2,"1":8,"2":8,"3":8,"4":8,"5":15,"6":8,"7":1},"f":{"0":8,"1":15,"2":1},"b":{"0":[8,0]},"_coverageSchema":"1a1c01bbd47fc00a2c39e90264f33305004495a9","hash":"b764c79b7db51b0dd87f539d8d072b6adbbd44b0"}
,"/Users/sakshi/Documents/code/AS_React/src/components/MenuItemList.jsx": {"path":"/Users/sakshi/Documents/code/AS_React/src/components/MenuItemList.jsx","statementMap":{"0":{"start":{"line":7,"column":4},"end":{"line":7,"column":26}},"1":{"start":{"line":8,"column":21},"end":{"line":8,"column":34}},"2":{"start":{"line":9,"column":27},"end":{"line":16,"column":5}},"3":{"start":{"line":10,"column":8},"end":{"line":10,"column":31}},"4":{"start":{"line":17,"column":2},"end":{"line":38,"column":3}},"5":{"start":{"line":19,"column":8},"end":{"line":36,"column":14}},"6":{"start":{"line":27,"column":103},"end":{"line":27,"column":123}}},"fnMap":{"0":{"name":"MenuItemList","decl":{"start":{"line":6,"column":24},"end":{"line":6,"column":36}},"loc":{"start":{"line":6,"column":49},"end":{"line":39,"column":1}},"line":6},"1":{"name":"(anonymous_1)","decl":{"start":{"line":9,"column":27},"end":{"line":9,"column":28}},"loc":{"start":{"line":9,"column":37},"end":{"line":16,"column":5}},"line":9},"2":{"name":"(anonymous_2)","decl":{"start":{"line":18,"column":17},"end":{"line":18,"column":18}},"loc":{"start":{"line":19,"column":8},"end":{"line":36,"column":14}},"line":19},"3":{"name":"(anonymous_3)","decl":{"start":{"line":27,"column":97},"end":{"line":27,"column":98}},"loc":{"start":{"line":27,"column":103},"end":{"line":27,"column":123}},"line":27}},"branchMap":{},"s":{"0":5,"1":5,"2":5,"3":2,"4":5,"5":6,"6":2},"f":{"0":5,"1":2,"2":6,"3":2},"b":{},"_coverageSchema":"1a1c01bbd47fc00a2c39e90264f33305004495a9","hash":"bfc2163696c96e9224bf08871abe1fd8773f98d6"}
,"/Users/sakshi/Documents/code/AS_React/src/components/RestCard.tsx": {"path":"/Users/sakshi/Documents/code/AS_React/src/components/RestCard.tsx","statementMap":{"0":{"start":{"line":4,"column":25},"end":{"line":22,"column":1}},"1":{"start":{"line":6,"column":65},"end":{"line":6,"column":78}},"2":{"start":{"line":8,"column":2},"end":{"line":21,"column":4}},"3":{"start":{"line":24,"column":33},"end":{"line":33,"column":1}},"4":{"start":{"line":25,"column":2},"end":{"line":32,"column":4}},"5":{"start":{"line":26,"column":4},"end":{"line":31,"column":6}}},"fnMap":{"0":{"name":"(anonymous_0)","decl":{"start":{"line":4,"column":25},"end":{"line":4,"column":26}},"loc":{"start":{"line":4,"column":40},"end":{"line":22,"column":1}},"line":4},"1":{"name":"(anonymous_1)","decl":{"start":{"line":24,"column":33},"end":{"line":24,"column":34}},"loc":{"start":{"line":24,"column":47},"end":{"line":33,"column":1}},"line":24},"2":{"name":"(anonymous_2)","decl":{"start":{"line":25,"column":9},"end":{"line":25,"column":10}},"loc":{"start":{"line":25,"column":18},"end":{"line":32,"column":3}},"line":25}},"branchMap":{},"s":{"0":2,"1":44,"2":44,"3":2,"4":5,"5":14},"f":{"0":44,"1":5,"2":14},"b":{},"_coverageSchema":"1a1c01bbd47fc00a2c39e90264f33305004495a9","hash":"66a5dee0aaa7e8404a25f714d1325d133beb6aef"}
,"/Users/sakshi/Documents/code/AS_React/src/components/RestCategory.tsx": {"path":"/Users/sakshi/Documents/code/AS_React/src/components/RestCategory.tsx","statementMap":{"0":{"start":{"line":5,"column":27},"end":{"line":7,"column":5}},"1":{"start":{"line":6,"column":8},"end":{"line":6,"column":26}},"2":{"start":{"line":8,"column":2},"end":{"line":18,"column":4}}},"fnMap":{"0":{"name":"RestCategory","decl":{"start":{"line":4,"column":24},"end":{"line":4,"column":36}},"loc":{"start":{"line":4,"column":74},"end":{"line":19,"column":1}},"line":4},"1":{"name":"(anonymous_1)","decl":{"start":{"line":5,"column":27},"end":{"line":5,"column":28}},"loc":{"start":{"line":5,"column":33},"end":{"line":7,"column":5}},"line":5}},"branchMap":{"0":{"loc":{"start":{"line":16,"column":7},"end":{"line":16,"column":61}},"type":"binary-expr","locations":[{"start":{"line":16,"column":7},"end":{"line":16,"column":16}},{"start":{"line":16,"column":20},"end":{"line":16,"column":61}}],"line":16}},"s":{"0":16,"1":1,"2":16},"f":{"0":16,"1":1},"b":{"0":[16,1]},"_coverageSchema":"1a1c01bbd47fc00a2c39e90264f33305004495a9","hash":"2b480ce470301e5c5bcfc23d4edfc913183b6bae"}
,"/Users/sakshi/Documents/code/AS_React/src/components/RestarauntMenu.jsx": {"path":"/Users/sakshi/Documents/code/AS_React/src/components/RestarauntMenu.jsx","statementMap":{"0":{"start":{"line":8,"column":20},"end":{"line":8,"column":31}},"1":{"start":{"line":9,"column":36},"end":{"line":9,"column":50}},"2":{"start":{"line":11,"column":18},"end":{"line":11,"column":42}},"3":{"start":{"line":12,"column":2},"end":{"line":12,"column":43}},"4":{"start":{"line":12,"column":24},"end":{"line":12,"column":43}},"5":{"start":{"line":15,"column":4},"end":{"line":15,"column":39}},"6":{"start":{"line":18,"column":2},"end":{"line":18,"column":76}},"7":{"start":{"line":20,"column":19},"end":{"line":20,"column":182}},"8":{"start":{"line":20,"column":91},"end":{"line":20,"column":181}},"9":{"start":{"line":21,"column":2},"end":{"line":21,"column":90}},"10":{"start":{"line":22,"column":2},"end":{"line":31,"column":4}},"11":{"start":{"line":28,"column":43},"end":{"line":29,"column":46}},"12":{"start":{"line":29,"column":24},"end":{"line":29,"column":43}}},"fnMap":{"0":{"name":"RestarauntMenu","decl":{"start":{"line":7,"column":24},"end":{"line":7,"column":38}},"loc":{"start":{"line":7,"column":41},"end":{"line":32,"column":1}},"line":7},"1":{"name":"(anonymous_1)","decl":{"start":{"line":20,"column":86},"end":{"line":20,"column":87}},"loc":{"start":{"line":20,"column":91},"end":{"line":20,"column":181}},"line":20},"2":{"name":"(anonymous_2)","decl":{"start":{"line":28,"column":21},"end":{"line":28,"column":22}},"loc":{"start":{"line":28,"column":43},"end":{"line":29,"column":46}},"line":28},"3":{"name":"(anonymous_3)","decl":{"start":{"line":29,"column":20},"end":{"line":29,"column":21}},"loc":{"start":{"line":29,"column":24},"end":{"line":29,"column":43}},"line":29}},"branchMap":{"0":{"loc":{"start":{"line":12,"column":2},"end":{"line":12,"column":43}},"type":"if","locations":[{"start":{"line":12,"column":2},"end":{"line":12,"column":43}},{"start":{},"end":{}}],"line":12},"1":{"loc":{"start":{"line":28,"column":125},"end":{"line":28,"column":157}},"type":"cond-expr","locations":[{"start":{"line":28,"column":147},"end":{"line":28,"column":151}},{"start":{"line":28,"column":152},"end":{"line":28,"column":157}}],"line":28}},"s":{"0":3,"1":3,"2":3,"3":3,"4":1,"5":2,"6":2,"7":2,"8":48,"9":2,"10":2,"11":16,"12":1},"f":{"0":3,"1":48,"2":16,"3":1},"b":{"0":[1,2],"1":[1,15]},"_coverageSchema":"1a1c01bbd47fc00a2c39e90264f33305004495a9","hash":"2070081354d0b853529e913eadb0011ac33a6805"}
,"/Users/sakshi/Documents/code/AS_React/src/components/Shimmer.tsx": {"path":"/Users/sakshi/Documents/code/AS_React/src/components/Shimmer.tsx","statementMap":{"0":{"start":{"line":4,"column":2},"end":{"line":11,"column":3}}},"fnMap":{"0":{"name":"Shimmer","decl":{"start":{"line":3,"column":24},"end":{"line":3,"column":31}},"loc":{"start":{"line":3,"column":34},"end":{"line":12,"column":1}},"line":3}},"branchMap":{},"s":{"0":2},"f":{"0":2},"b":{},"_coverageSchema":"1a1c01bbd47fc00a2c39e90264f33305004495a9","hash":"d89c90e2d43104593508c5191f7b95127d59b75b"}
,"/Users/sakshi/Documents/code/AS_React/src/components/sum.js": {"path":"/Users/sakshi/Documents/code/AS_React/src/components/sum.js","statementMap":{"0":{"start":{"line":2,"column":20},"end":{"line":4,"column":1}},"1":{"start":{"line":3,"column":2},"end":{"line":3,"column":14}}},"fnMap":{"0":{"name":"(anonymous_0)","decl":{"start":{"line":2,"column":20},"end":{"line":2,"column":21}},"loc":{"start":{"line":2,"column":29},"end":{"line":4,"column":1}},"line":2}},"branchMap":{},"s":{"0":1,"1":1},"f":{"0":1},"b":{},"_coverageSchema":"1a1c01bbd47fc00a2c39e90264f33305004495a9","hash":"a4b6362c4cfb951e6cac5c891c13c22e901b05b0"}
,"/Users/sakshi/Documents/code/AS_React/src/components/mocks/fileMock.js": {"path":"/Users/sakshi/Documents/code/AS_React/src/components/mocks/fileMock.js","statementMap":{},"fnMap":{},"branchMap":{},"s":{},"f":{},"b":{},"_coverageSchema":"1a1c01bbd47fc00a2c39e90264f33305004495a9","hash":"4cc3061e3ba992e438f11730fc322a84a19114c3"}
,"/Users/sakshi/Documents/code/AS_React/src/components/mocks/resCardMock.js": {"path":"/Users/sakshi/Documents/code/AS_React/src/components/mocks/resCardMock.js","statementMap":{},"fnMap":{},"branchMap":{},"s":{},"f":{},"b":{},"_coverageSchema":"1a1c01bbd47fc00a2c39e90264f33305004495a9","hash":"efdbddd7d671817c5df699d451c63fecbbe47f93"}
,"/Users/sakshi/Documents/code/AS_React/src/utils/UserContext.js": {"path":"/Users/sakshi/Documents/code/AS_React/src/utils/UserContext.js","statementMap":{"0":{"start":{"line":3,"column":20},"end":{"line":5,"column":2}}},"fnMap":{},"branchMap":{},"s":{"0":3},"f":{},"b":{},"_coverageSchema":"1a1c01bbd47fc00a2c39e90264f33305004495a9","hash":"fe937f4c2a7870c8fda63319fdbe352e32b1e5c2"}
,"/Users/sakshi/Documents/code/AS_React/src/utils/appStore.js": {"path":"/Users/sakshi/Documents/code/AS_React/src/utils/appStore.js","statementMap":{"0":{"start":{"line":5,"column":17},"end":{"line":9,"column":2}}},"fnMap":{},"branchMap":{},"s":{"0":2},"f":{},"b":{},"_coverageSchema":"1a1c01bbd47fc00a2c39e90264f33305004495a9","hash":"fe19beadab04c0e44941902035c1b3a856654817"}
,"/Users/sakshi/Documents/code/AS_React/src/utils/cartSlice.js": {"path":"/Users/sakshi/Documents/code/AS_React/src/utils/cartSlice.js","statementMap":{"0":{"start":{"line":3,"column":18},"end":{"line":31,"column":2}},"1":{"start":{"line":12,"column":12},"end":{"line":12,"column":45}},"2":{"start":{"line":15,"column":12},"end":{"line":15,"column":30}},"3":{"start":{"line":23,"column":13},"end":{"line":23,"column":41}},"4":{"start":{"line":25,"column":12},"end":{"line":25,"column":34}},"5":{"start":{"line":33,"column":48},"end":{"line":33,"column":65}}},"fnMap":{"0":{"name":"(anonymous_0)","decl":{"start":{"line":9,"column":17},"end":{"line":9,"column":18}},"loc":{"start":{"line":9,"column":36},"end":{"line":13,"column":9}},"line":9},"1":{"name":"(anonymous_1)","decl":{"start":{"line":14,"column":20},"end":{"line":14,"column":21}},"loc":{"start":{"line":14,"column":31},"end":{"line":16,"column":9}},"line":14},"2":{"name":"(anonymous_2)","decl":{"start":{"line":18,"column":19},"end":{"line":18,"column":20}},"loc":{"start":{"line":18,"column":30},"end":{"line":29,"column":9}},"line":18}},"branchMap":{},"s":{"0":2,"1":2,"2":0,"3":1,"4":1,"5":2},"f":{"0":2,"1":0,"2":1},"b":{},"_coverageSchema":"1a1c01bbd47fc00a2c39e90264f33305004495a9","hash":"f01aa321db6ce26354c9f7cbe5f8d1fd0a69f3dd"}
,"/Users/sakshi/Documents/code/AS_React/src/utils/constants.js": {"path":"/Users/sakshi/Documents/code/AS_React/src/utils/constants.js","statementMap":{"0":{"start":{"line":1,"column":21},"end":{"line":1,"column":104}},"1":{"start":{"line":2,"column":22},"end":{"line":2,"column":185}},"2":{"start":{"line":3,"column":22},"end":{"line":3,"column":160}}},"fnMap":{},"branchMap":{},"s":{"0":3,"1":3,"2":3},"f":{},"b":{},"_coverageSchema":"1a1c01bbd47fc00a2c39e90264f33305004495a9","hash":"1be4d668336180663b0eb98d59b3d4b917e02f46"}
,"/Users/sakshi/Documents/code/AS_React/src/utils/useOnlineStatus.tsx": {"path":"/Users/sakshi/Documents/code/AS_React/src/utils/useOnlineStatus.tsx","statementMap":{"0":{"start":{"line":3,"column":24},"end":{"line":18,"column":1}},"1":{"start":{"line":5,"column":44},"end":{"line":5,"column":58}},"2":{"start":{"line":6,"column":4},"end":{"line":15,"column":9}},"3":{"start":{"line":7,"column":8},"end":{"line":9,"column":10}},"4":{"start":{"line":8,"column":12},"end":{"line":8,"column":35}},"5":{"start":{"line":11,"column":8},"end":{"line":13,"column":10}},"6":{"start":{"line":12,"column":12},"end":{"line":12,"column":34}},"7":{"start":{"line":17,"column":2},"end":{"line":17,"column":22}}},"fnMap":{"0":{"name":"(anonymous_0)","decl":{"start":{"line":3,"column":24},"end":{"line":3,"column":25}},"loc":{"start":{"line":3,"column":30},"end":{"line":18,"column":1}},"line":3},"1":{"name":"(anonymous_1)","decl":{"start":{"line":6,"column":14},"end":{"line":6,"column":15}},"loc":{"start":{"line":6,"column":18},"end":{"line":15,"column":5}},"line":6},"2":{"name":"(anonymous_2)","decl":{"start":{"line":7,"column":42},"end":{"line":7,"column":43}},"loc":{"start":{"line":7,"column":46},"end":{"line":9,"column":9}},"line":7},"3":{"name":"(anonymous_3)","decl":{"start":{"line":11,"column":41},"end":{"line":11,"column":42}},"loc":{"start":{"line":11,"column":45},"end":{"line":13,"column":9}},"line":11}},"branchMap":{},"s":{"0":3,"1":12,"2":12,"3":5,"4":0,"5":5,"6":0,"7":12},"f":{"0":12,"1":5,"2":0,"3":0},"b":{},"_coverageSchema":"1a1c01bbd47fc00a2c39e90264f33305004495a9","hash":"ce78aaf78997c14255b85ee261c495ac67b9c774"}
,"/Users/sakshi/Documents/code/AS_React/src/utils/useRestarauntMenu.tsx": {"path":"/Users/sakshi/Documents/code/AS_React/src/utils/useRestarauntMenu.tsx","statementMap":{"0":{"start":{"line":6,"column":34},"end":{"line":6,"column":48}},"1":{"start":{"line":8,"column":4},"end":{"line":10,"column":11}},"2":{"start":{"line":9,"column":6},"end":{"line":9,"column":18}},"3":{"start":{"line":12,"column":22},"end":{"line":16,"column":5}},"4":{"start":{"line":13,"column":19},"end":{"line":13,"column":48}},"5":{"start":{"line":14,"column":19},"end":{"line":14,"column":36}},"6":{"start":{"line":15,"column":6},"end":{"line":15,"column":28}},"7":{"start":{"line":18,"column":4},"end":{"line":18,"column":19}}},"fnMap":{"0":{"name":"useRestarauntMenu","decl":{"start":{"line":4,"column":24},"end":{"line":4,"column":41}},"loc":{"start":{"line":4,"column":49},"end":{"line":19,"column":1}},"line":4},"1":{"name":"(anonymous_1)","decl":{"start":{"line":8,"column":14},"end":{"line":8,"column":15}},"loc":{"start":{"line":8,"column":20},"end":{"line":10,"column":5}},"line":8},"2":{"name":"(anonymous_2)","decl":{"start":{"line":12,"column":22},"end":{"line":12,"column":23}},"loc":{"start":{"line":12,"column":34},"end":{"line":16,"column":5}},"line":12}},"branchMap":{},"s":{"0":3,"1":3,"2":1,"3":3,"4":1,"5":1,"6":1,"7":3},"f":{"0":3,"1":1,"2":1},"b":{},"_coverageSchema":"1a1c01bbd47fc00a2c39e90264f33305004495a9","hash":"0a131e8441c4f19ff6645751fe48d9031444b4fd"}
}
