TN:
SF:src/components/Body.jsx
FN:13,(anonymous_0)
FN:22,(anonymous_1)
FN:26,(anonymous_2)
FN:57,(anonymous_3)
FN:63,(anonymous_4)
FN:64,(anonymous_5)
FN:77,(anonymous_6)
FN:97,(anonymous_7)
FNF:8
FNH:7
FNDA:4,(anonymous_0)
FNDA:1,(anonymous_1)
FNDA:1,(anonymous_2)
FNDA:1,(anonymous_3)
FNDA:1,(anonymous_4)
FNDA:20,(anonymous_5)
FNDA:0,(anonymous_6)
FNDA:42,(anonymous_7)
DA:13,1
DA:15,4
DA:16,4
DA:17,4
DA:19,4
DA:20,4
DA:22,4
DA:23,1
DA:26,4
DA:27,1
DA:30,1
DA:33,1
DA:36,1
DA:37,1
DA:40,4
DA:41,4
DA:42,0
DA:47,4
DA:58,1
DA:64,1
DA:65,20
DA:67,1
DA:78,0
DA:98,42
LF:24
LH:22
BRDA:41,0,0,0
BRDA:41,0,1,4
BRDA:47,1,0,1
BRDA:47,1,1,3
BRDA:103,2,0,13
BRDA:103,2,1,29
BRF:6
BRH:5
end_of_record
TN:
SF:src/components/Cart.jsx
FN:8,Cart
FN:9,(anonymous_1)
FN:11,(anonymous_2)
FNF:3
FNH:3
FNDA:4,Cart
FNDA:8,(anonymous_1)
FNDA:1,(anonymous_2)
DA:9,8
DA:10,4
DA:11,4
DA:12,1
DA:15,4
LF:5
LH:5
BRDA:20,0,0,4
BRDA:20,0,1,2
BRF:2
BRH:2
end_of_record
TN:
SF:src/components/ContactUs.tsx
FN:3,ContactUs
FNF:1
FNH:1
FNDA:3,ContactUs
DA:4,3
LF:1
LH:1
BRF:0
BRH:0
end_of_record
TN:
SF:src/components/Header.jsx
FN:8,(anonymous_0)
FN:14,(anonymous_1)
FN:41,(anonymous_2)
FNF:3
FNH:3
FNDA:8,(anonymous_0)
FNDA:15,(anonymous_1)
FNDA:1,(anonymous_2)
DA:8,2
DA:9,8
DA:10,8
DA:11,8
DA:14,15
DA:16,8
DA:41,1
LF:7
LH:7
BRDA:21,0,0,8
BRDA:21,0,1,0
BRF:2
BRH:1
end_of_record
TN:
SF:src/components/MenuItemList.jsx
FN:6,MenuItemList
FN:9,(anonymous_1)
FN:18,(anonymous_2)
FN:27,(anonymous_3)
FNF:4
FNH:4
FNDA:5,MenuItemList
FNDA:2,(anonymous_1)
FNDA:6,(anonymous_2)
FNDA:2,(anonymous_3)
DA:7,5
DA:8,5
DA:9,5
DA:10,2
DA:17,5
DA:19,6
DA:27,2
LF:7
LH:7
BRF:0
BRH:0
end_of_record
TN:
SF:src/components/RestCard.tsx
FN:4,(anonymous_0)
FN:24,(anonymous_1)
FN:25,(anonymous_2)
FNF:3
FNH:3
FNDA:44,(anonymous_0)
FNDA:5,(anonymous_1)
FNDA:14,(anonymous_2)
DA:4,2
DA:6,44
DA:8,44
DA:24,2
DA:25,5
DA:26,14
LF:6
LH:6
BRF:0
BRH:0
end_of_record
TN:
SF:src/components/RestCategory.tsx
FN:4,RestCategory
FN:5,(anonymous_1)
FNF:2
FNH:2
FNDA:16,RestCategory
FNDA:1,(anonymous_1)
DA:5,16
DA:6,1
DA:8,16
LF:3
LH:3
BRDA:16,0,0,16
BRDA:16,0,1,1
BRF:2
BRH:2
end_of_record
TN:
SF:src/components/RestarauntMenu.jsx
FN:7,RestarauntMenu
FN:20,(anonymous_1)
FN:28,(anonymous_2)
FN:29,(anonymous_3)
FNF:4
FNH:4
FNDA:3,RestarauntMenu
FNDA:48,(anonymous_1)
FNDA:16,(anonymous_2)
FNDA:1,(anonymous_3)
DA:8,3
DA:9,3
DA:11,3
DA:12,3
DA:15,2
DA:18,2
DA:20,48
DA:21,2
DA:22,2
DA:28,16
DA:29,1
LF:11
LH:11
BRDA:12,0,0,1
BRDA:12,0,1,2
BRDA:28,1,0,1
BRDA:28,1,1,15
BRF:4
BRH:4
end_of_record
TN:
SF:src/components/Shimmer.tsx
FN:3,Shimmer
FNF:1
FNH:1
FNDA:2,Shimmer
DA:4,2
LF:1
LH:1
BRF:0
BRH:0
end_of_record
TN:
SF:src/components/sum.js
FN:2,(anonymous_0)
FNF:1
FNH:1
FNDA:1,(anonymous_0)
DA:2,1
DA:3,1
LF:2
LH:2
BRF:0
BRH:0
end_of_record
TN:
SF:src/components/mocks/fileMock.js
FNF:0
FNH:0
LF:0
LH:0
BRF:0
BRH:0
end_of_record
TN:
SF:src/components/mocks/resCardMock.js
FNF:0
FNH:0
LF:0
LH:0
BRF:0
BRH:0
end_of_record
TN:
SF:src/utils/UserContext.js
FNF:0
FNH:0
DA:3,3
LF:1
LH:1
BRF:0
BRH:0
end_of_record
TN:
SF:src/utils/appStore.js
FNF:0
FNH:0
DA:5,2
LF:1
LH:1
BRF:0
BRH:0
end_of_record
TN:
SF:src/utils/cartSlice.js
FN:9,(anonymous_0)
FN:14,(anonymous_1)
FN:18,(anonymous_2)
FNF:3
FNH:2
FNDA:2,(anonymous_0)
FNDA:0,(anonymous_1)
FNDA:1,(anonymous_2)
DA:3,2
DA:12,2
DA:15,0
DA:23,1
DA:25,1
DA:33,2
LF:6
LH:5
BRF:0
BRH:0
end_of_record
TN:
SF:src/utils/constants.js
FNF:0
FNH:0
DA:1,3
DA:2,3
DA:3,3
LF:3
LH:3
BRF:0
BRH:0
end_of_record
TN:
SF:src/utils/useOnlineStatus.tsx
FN:3,(anonymous_0)
FN:6,(anonymous_1)
FN:7,(anonymous_2)
FN:11,(anonymous_3)
FNF:4
FNH:2
FNDA:12,(anonymous_0)
FNDA:5,(anonymous_1)
FNDA:0,(anonymous_2)
FNDA:0,(anonymous_3)
DA:3,3
DA:5,12
DA:6,12
DA:7,5
DA:8,0
DA:11,5
DA:12,0
DA:17,12
LF:8
LH:6
BRF:0
BRH:0
end_of_record
TN:
SF:src/utils/useRestarauntMenu.tsx
FN:4,useRestarauntMenu
FN:8,(anonymous_1)
FN:12,(anonymous_2)
FNF:3
FNH:3
FNDA:3,useRestarauntMenu
FNDA:1,(anonymous_1)
FNDA:1,(anonymous_2)
DA:6,3
DA:8,3
DA:9,1
DA:12,3
DA:13,1
DA:14,1
DA:15,1
DA:18,3
LF:8
LH:8
BRF:0
BRH:0
end_of_record
